23:37:44.309 [main] INFO  Kltn2021.Passed.MustPass - New driver instantiated
23:37:45.722 [main] INFO  Kltn2021.Passed.MustPass - Web application launched
23:37:45.729 [main] INFO  Kltn2021.Passed.MustPass - TC1: Order and checkout
23:37:46.985 [main] INFO  Kltn2021.Passed.MustPass - standard_user
23:37:48.177 [main] INFO  Kltn2021.Passed.MustPass - secret_sauce
23:37:49.375 [main] INFO  Kltn2021.Passed.MustPass - //*[@id="login-button"]
23:37:50.487 [main] INFO  Kltn2021.Passed.MustPass - //*[@id="add-to-cart-sauce-labs-backpack"]
23:37:51.577 [main] INFO  Kltn2021.Passed.MustPass - //*[@id="add-to-cart-sauce-labs-bolt-t-shirt"]
23:37:52.673 [main] INFO  Kltn2021.Passed.MustPass - //*[@id="add-to-cart-sauce-labs-onesie"]
23:37:53.796 [main] INFO  Kltn2021.Passed.MustPass - //*[@id="shopping_cart_container"]/a/span
23:37:54.845 [main] INFO  Kltn2021.Passed.MustPass - Sauce Labs Backpack
23:37:54.846 [main] INFO  Kltn2021.Passed.MustPass - Sauce Labs Backpack
23:37:55.897 [main] INFO  Kltn2021.Passed.MustPass - Sauce Labs Bolt T-Shirt
23:37:55.897 [main] INFO  Kltn2021.Passed.MustPass - Sauce Labs Bolt T-Shirt
23:37:56.959 [main] INFO  Kltn2021.Passed.MustPass - Sauce Labs Onesie
23:37:56.959 [main] INFO  Kltn2021.Passed.MustPass - Sauce Labs Onesie
23:37:58.082 [main] INFO  Kltn2021.Passed.MustPass - //*[@id="checkout"]
23:37:59.281 [main] INFO  Kltn2021.Passed.MustPass - hanxu
23:38:00.456 [main] INFO  Kltn2021.Passed.MustPass - hanxu
23:38:01.624 [main] INFO  Kltn2021.Passed.MustPass - hanxu
23:38:02.762 [main] INFO  Kltn2021.Passed.MustPass - //*[@id="continue"]
23:38:03.899 [main] INFO  Kltn2021.Passed.MustPass - //*[@id="finish"]
23:38:04.966 [main] INFO  Kltn2021.Passed.MustPass - THANK YOU FOR YOUR ORDER
23:38:04.966 [main] INFO  Kltn2021.Passed.MustPass - THANK YOU FOR YOUR ORDER
23:38:06.093 [main] INFO  Kltn2021.Passed.MustPass - //*[@id="back-to-products"]
23:38:06.093 [main] INFO  Kltn2021.Passed.MustPass - TC2: Number shopping cart
23:38:07.203 [main] INFO  Kltn2021.Passed.MustPass - //*[@id="add-to-cart-sauce-labs-backpack"]
23:38:08.301 [main] INFO  Kltn2021.Passed.MustPass - //*[@id="add-to-cart-sauce-labs-bolt-t-shirt"]
23:38:09.370 [main] INFO  Kltn2021.Passed.MustPass - 2
23:38:09.370 [main] INFO  Kltn2021.Passed.MustPass - 2
23:38:10.497 [main] INFO  Kltn2021.Passed.MustPass - //*[@id="shopping_cart_container"]/a
23:38:11.593 [main] INFO  Kltn2021.Passed.MustPass - //*[@id="remove-sauce-labs-bolt-t-shirt"]
23:38:12.644 [main] INFO  Kltn2021.Passed.MustPass - 1
23:38:12.644 [main] INFO  Kltn2021.Passed.MustPass - 1
23:38:13.767 [main] INFO  Kltn2021.Passed.MustPass - //*[@id="continue-shopping"]
23:38:15.025 [main] INFO  Kltn2021.Passed.MustPass - Browser closed
23:38:15.025 [main] INFO  Kltn2021.Passed.MustPass - -------------------------------------------------------------------------------------------------------------------------------
23:38:15.025 [main] INFO  Kltn2021.Passed.MustPass - Total testcase: 6 |   Pass: 6 |   Fail: 0
23:38:15.025 [main] INFO  Kltn2021.Passed.MustPass - -------------------------------------------------------------------------------------------------------------------------------
